<?xml version="1.0" encoding="UTF-8"?>
<!-- Generated by org.testng.reporters.JUnitReportReporter -->
<testsuite hostname="DESKTOP-B7GBJ6U" failures="0" tests="1" name="com.tarea4.selenium.Suscribirse" time="1.970" errors="0" timestamp="13 Aug 2022 02:58:03 GMT">
  <testcase classname="com.tarea4.selenium.Suscribirse" name="Suscribir" time="1.970"/>
</testsuite> <!-- com.tarea4.selenium.Suscribirse -->
