<?xml version="1.0" encoding="UTF-8"?>
<!-- Generated by org.testng.reporters.JUnitReportReporter -->
<testsuite hostname="DESKTOP-B7GBJ6U" failures="0" tests="1" name="com.tarea4.selenium.SuscribirseCorrecto" time="2.114" errors="0" timestamp="13 Aug 2022 04:20:10 GMT">
  <testcase classname="com.tarea4.selenium.SuscribirseCorrecto" name="Suscribir" time="2.114"/>
</testsuite> <!-- com.tarea4.selenium.SuscribirseCorrecto -->
