<?xml version="1.0" encoding="UTF-8"?>
<!-- Generated by org.testng.reporters.JUnitReportReporter -->
<testsuite hostname="DESKTOP-B7GBJ6U" failures="0" tests="2" name="com.tarea4.selenium.LoginStatus" time="5.611" errors="0" timestamp="13 Aug 2022 04:20:10 GMT">
  <testcase classname="com.tarea4.selenium.LoginStatus" name="Login" time="3.061"/>
  <testcase classname="com.tarea4.selenium.LoginStatus" name="Login" time="2.550"/>
</testsuite> <!-- com.tarea4.selenium.LoginStatus -->
