<?xml version="1.0" encoding="UTF-8"?>
<!-- Generated by org.testng.reporters.JUnitReportReporter -->
<testsuite hostname="DESKTOP-B7GBJ6U" failures="0" tests="1" name="com.tarea4.selenium.Registro" time="7.414" errors="0" timestamp="13 Aug 2022 04:20:10 GMT">
  <testcase classname="com.tarea4.selenium.Registro" name="Registro" time="7.414"/>
</testsuite> <!-- com.tarea4.selenium.Registro -->
