<?xml version="1.0" encoding="UTF-8"?>
<!-- Generated by org.testng.reporters.JUnitReportReporter -->
<testsuite hostname="DESKTOP-B7GBJ6U" failures="0" tests="1" name="com.tarea4.selenium.SuscribirseError" time="1.117" errors="0" timestamp="13 Aug 2022 04:20:10 GMT">
  <testcase classname="com.tarea4.selenium.SuscribirseError" name="Suscribir" time="1.117"/>
</testsuite> <!-- com.tarea4.selenium.SuscribirseError -->
